2023-10-11 09:57:38 [main] INFO  : Starting Application using Java 20.0.2 with PID 9196 (C:\Repos\dmsintegration\target\classes started by ebh.it-minds.dk in C:\Repos\dmsintegration)
2023-10-11 09:57:38 [main] INFO  : No active profile set, falling back to 1 default profile: "default"
2023-10-11 09:57:39 [main] INFO  : Bootstrapping Spring Data JPA repositories in DEFAULT mode.
2023-10-11 09:57:39 [main] INFO  : Finished Spring Data repository scanning in 68 ms. Found 1 JPA repository interfaces.
2023-10-11 09:57:40 [main] INFO  : Tomcat initialized with port(s): 8080 (http)
2023-10-11 09:57:40 [main] INFO  : Initializing ProtocolHandler ["http-nio-8080"]
2023-10-11 09:57:40 [main] INFO  : Starting service [Tomcat]
2023-10-11 09:57:40 [main] INFO  : Starting Servlet engine: [Apache Tomcat/10.1.12]
2023-10-11 09:57:40 [main] INFO  : Initializing Spring embedded WebApplicationContext
2023-10-11 09:57:40 [main] INFO  : Root WebApplicationContext: initialization completed in 2260 ms
2023-10-11 09:57:40 [main] INFO  : HikariPool-1 - Starting...
2023-10-11 09:57:40 [main] INFO  : HikariPool-1 - Added connection conn0: url=jdbc:h2:file:C:/Databases/notification user=SA
2023-10-11 09:57:40 [main] INFO  : HikariPool-1 - Start completed.
2023-10-11 09:57:40 [main] INFO  : H2 console available at '/h2-console'. Database available at 'jdbc:h2:file:C:/Databases/notification'
2023-10-11 09:57:41 [main] INFO  : HHH000204: Processing PersistenceUnitInfo [name: default]
2023-10-11 09:57:41 [main] INFO  : HHH000412: Hibernate ORM core version 6.2.7.Final
2023-10-11 09:57:41 [main] INFO  : HHH000406: Using bytecode reflection optimizer
2023-10-11 09:57:41 [main] INFO  : HHH000021: Bytecode provider name : bytebuddy
2023-10-11 09:57:41 [main] INFO  : No LoadTimeWeaver setup: ignoring JPA class transformer
2023-10-11 09:57:42 [main] INFO  : HHH000021: Bytecode provider name : bytebuddy
2023-10-11 09:57:43 [main] INFO  : HHH000490: Using JtaPlatform implementation: [org.hibernate.engine.transaction.jta.platform.internal.NoJtaPlatform]
2023-10-11 09:57:43 [main] INFO  : Initialized JPA EntityManagerFactory for persistence unit 'default'
2023-10-11 09:57:44 [main] INFO  : Added certificate cert2 to C:\Files\directory2
2023-10-11 09:57:44 [main] INFO  : Added certificate oces3 to C:\Files\directory3
2023-10-11 09:57:44 [main] WARN  : spring.jpa.open-in-view is enabled by default. Therefore, database queries may be performed during view rendering. Explicitly configure spring.jpa.open-in-view to disable this warning
2023-10-11 09:57:45 [main] INFO  : Starting ProtocolHandler ["http-nio-8080"]
2023-10-11 09:57:45 [main] INFO  : Tomcat started on port(s): 8080 (http) with context path ''
2023-10-11 09:57:45 [main] INFO  : Started Application in 7.878 seconds (process running for 8.929)
2023-10-11 09:58:32 [SpringApplicationShutdownHook] INFO  : Closing JPA EntityManagerFactory for persistence unit 'default'
2023-10-11 09:58:32 [SpringApplicationShutdownHook] INFO  : HikariPool-1 - Shutdown initiated...
2023-10-11 09:58:32 [SpringApplicationShutdownHook] INFO  : HikariPool-1 - Shutdown completed.
2023-10-11 09:58:37 [main] INFO  : Starting Application using Java 20.0.2 with PID 11512 (C:\Repos\dmsintegration\target\classes started by ebh.it-minds.dk in C:\Repos\dmsintegration)
2023-10-11 09:58:37 [main] INFO  : No active profile set, falling back to 1 default profile: "default"
2023-10-11 09:58:38 [main] INFO  : Bootstrapping Spring Data JPA repositories in DEFAULT mode.
2023-10-11 09:58:38 [main] INFO  : Finished Spring Data repository scanning in 64 ms. Found 1 JPA repository interfaces.
2023-10-11 09:58:39 [main] INFO  : Tomcat initialized with port(s): 8080 (http)
2023-10-11 09:58:39 [main] INFO  : Initializing ProtocolHandler ["http-nio-8080"]
2023-10-11 09:58:39 [main] INFO  : Starting service [Tomcat]
2023-10-11 09:58:39 [main] INFO  : Starting Servlet engine: [Apache Tomcat/10.1.12]
2023-10-11 09:58:39 [main] INFO  : Initializing Spring embedded WebApplicationContext
2023-10-11 09:58:39 [main] INFO  : Root WebApplicationContext: initialization completed in 2014 ms
2023-10-11 09:58:39 [main] INFO  : HikariPool-1 - Starting...
2023-10-11 09:58:39 [main] INFO  : HikariPool-1 - Added connection conn0: url=jdbc:h2:file:C:/Databases/notification user=SA
2023-10-11 09:58:39 [main] INFO  : HikariPool-1 - Start completed.
2023-10-11 09:58:39 [main] INFO  : H2 console available at '/h2-console'. Database available at 'jdbc:h2:file:C:/Databases/notification'
2023-10-11 09:58:39 [main] INFO  : HHH000204: Processing PersistenceUnitInfo [name: default]
2023-10-11 09:58:40 [main] INFO  : HHH000412: Hibernate ORM core version 6.2.7.Final
2023-10-11 09:58:40 [main] INFO  : HHH000406: Using bytecode reflection optimizer
2023-10-11 09:58:40 [main] INFO  : HHH000021: Bytecode provider name : bytebuddy
2023-10-11 09:58:40 [main] INFO  : No LoadTimeWeaver setup: ignoring JPA class transformer
2023-10-11 09:58:40 [main] INFO  : HHH000021: Bytecode provider name : bytebuddy
2023-10-11 09:58:41 [main] INFO  : HHH000490: Using JtaPlatform implementation: [org.hibernate.engine.transaction.jta.platform.internal.NoJtaPlatform]
2023-10-11 09:58:41 [main] INFO  : Initialized JPA EntityManagerFactory for persistence unit 'default'
2023-10-11 09:58:42 [main] INFO  : Added certificate cert2 to C:\Files\directory2
2023-10-11 09:58:42 [main] INFO  : Added certificate oces3 to C:\Files\directory3
2023-10-11 09:58:42 [main] WARN  : spring.jpa.open-in-view is enabled by default. Therefore, database queries may be performed during view rendering. Explicitly configure spring.jpa.open-in-view to disable this warning
2023-10-11 09:58:43 [main] INFO  : Starting ProtocolHandler ["http-nio-8080"]
2023-10-11 09:58:43 [main] INFO  : Tomcat started on port(s): 8080 (http) with context path ''
2023-10-11 09:58:43 [main] INFO  : Started Application in 6.59 seconds (process running for 7.417)
2023-10-11 09:59:27 [SpringApplicationShutdownHook] INFO  : Closing JPA EntityManagerFactory for persistence unit 'default'
2023-10-11 09:59:27 [SpringApplicationShutdownHook] INFO  : HikariPool-1 - Shutdown initiated...
2023-10-11 09:59:27 [SpringApplicationShutdownHook] INFO  : HikariPool-1 - Shutdown completed.
2023-10-11 09:59:32 [main] INFO  : Starting Application using Java 20.0.2 with PID 16364 (C:\Repos\dmsintegration\target\classes started by ebh.it-minds.dk in C:\Repos\dmsintegration)
2023-10-11 09:59:32 [main] INFO  : No active profile set, falling back to 1 default profile: "default"
2023-10-11 09:59:33 [main] INFO  : Bootstrapping Spring Data JPA repositories in DEFAULT mode.
2023-10-11 09:59:33 [main] INFO  : Finished Spring Data repository scanning in 57 ms. Found 1 JPA repository interfaces.
2023-10-11 09:59:34 [main] INFO  : Tomcat initialized with port(s): 8080 (http)
2023-10-11 09:59:34 [main] INFO  : Initializing ProtocolHandler ["http-nio-8080"]
2023-10-11 09:59:34 [main] INFO  : Starting service [Tomcat]
2023-10-11 09:59:34 [main] INFO  : Starting Servlet engine: [Apache Tomcat/10.1.12]
2023-10-11 09:59:34 [main] INFO  : Initializing Spring embedded WebApplicationContext
2023-10-11 09:59:34 [main] INFO  : Root WebApplicationContext: initialization completed in 1979 ms
2023-10-11 09:59:34 [main] INFO  : HikariPool-1 - Starting...
2023-10-11 09:59:34 [main] INFO  : HikariPool-1 - Added connection conn0: url=jdbc:h2:file:C:/Databases/notification user=SA
2023-10-11 09:59:34 [main] INFO  : HikariPool-1 - Start completed.
2023-10-11 09:59:34 [main] INFO  : H2 console available at '/h2-console'. Database available at 'jdbc:h2:file:C:/Databases/notification'
2023-10-11 09:59:35 [main] INFO  : HHH000204: Processing PersistenceUnitInfo [name: default]
2023-10-11 09:59:35 [main] INFO  : HHH000412: Hibernate ORM core version 6.2.7.Final
2023-10-11 09:59:35 [main] INFO  : HHH000406: Using bytecode reflection optimizer
2023-10-11 09:59:35 [main] INFO  : HHH000021: Bytecode provider name : bytebuddy
2023-10-11 09:59:35 [main] INFO  : No LoadTimeWeaver setup: ignoring JPA class transformer
2023-10-11 09:59:35 [main] INFO  : HHH000021: Bytecode provider name : bytebuddy
2023-10-11 09:59:36 [main] INFO  : HHH000490: Using JtaPlatform implementation: [org.hibernate.engine.transaction.jta.platform.internal.NoJtaPlatform]
2023-10-11 09:59:36 [main] INFO  : Initialized JPA EntityManagerFactory for persistence unit 'default'
2023-10-11 09:59:37 [main] INFO  : Added certificate cert2 to C:\Files\directory2
2023-10-11 09:59:37 [main] INFO  : Added certificate oces3 to C:\Files\directory3
2023-10-11 09:59:37 [main] WARN  : spring.jpa.open-in-view is enabled by default. Therefore, database queries may be performed during view rendering. Explicitly configure spring.jpa.open-in-view to disable this warning
2023-10-11 09:59:38 [main] INFO  : Starting ProtocolHandler ["http-nio-8080"]
2023-10-11 09:59:38 [main] INFO  : Tomcat started on port(s): 8080 (http) with context path ''
2023-10-11 09:59:38 [main] INFO  : Started Application in 6.393 seconds (process running for 7.176)
2023-10-11 09:59:38 [scheduling-1] INFO  : No new files in for C:\Files\directory2.
2023-10-11 09:59:38 [scheduling-1] INFO  : No new files in for C:\Files\directory3.
2023-10-11 09:59:48 [scheduling-1] INFO  : No new files in for C:\Files\directory2.
2023-10-11 09:59:48 [scheduling-1] INFO  : No new files in for C:\Files\directory3.
2023-10-11 09:59:53 [SpringApplicationShutdownHook] INFO  : Closing JPA EntityManagerFactory for persistence unit 'default'
2023-10-11 09:59:53 [SpringApplicationShutdownHook] INFO  : HikariPool-1 - Shutdown initiated...
2023-10-11 09:59:53 [SpringApplicationShutdownHook] INFO  : HikariPool-1 - Shutdown completed.
2023-10-11 10:16:08 [main] INFO  : Starting Application using Java 20.0.2 with PID 2952 (C:\Repos\dmsintegration\target\classes started by ebh.it-minds.dk in C:\Repos\dmsintegration)
2023-10-11 10:16:08 [main] INFO  : No active profile set, falling back to 1 default profile: "default"
2023-10-11 10:16:09 [main] INFO  : Bootstrapping Spring Data JPA repositories in DEFAULT mode.
2023-10-11 10:16:09 [main] INFO  : Finished Spring Data repository scanning in 65 ms. Found 1 JPA repository interfaces.
2023-10-11 10:16:10 [main] INFO  : Tomcat initialized with port(s): 8080 (http)
2023-10-11 10:16:10 [main] INFO  : Initializing ProtocolHandler ["http-nio-8080"]
2023-10-11 10:16:10 [main] INFO  : Starting service [Tomcat]
2023-10-11 10:16:10 [main] INFO  : Starting Servlet engine: [Apache Tomcat/10.1.12]
2023-10-11 10:16:10 [main] INFO  : Initializing Spring embedded WebApplicationContext
2023-10-11 10:16:10 [main] INFO  : Root WebApplicationContext: initialization completed in 2180 ms
2023-10-11 10:16:10 [main] INFO  : HikariPool-1 - Starting...
2023-10-11 10:16:10 [main] INFO  : HikariPool-1 - Added connection conn0: url=jdbc:h2:file:C:/Databases/notification user=SA
2023-10-11 10:16:10 [main] INFO  : HikariPool-1 - Start completed.
2023-10-11 10:16:10 [main] INFO  : H2 console available at '/h2-console'. Database available at 'jdbc:h2:file:C:/Databases/notification'
2023-10-11 10:16:11 [main] INFO  : HHH000204: Processing PersistenceUnitInfo [name: default]
2023-10-11 10:16:11 [main] INFO  : HHH000412: Hibernate ORM core version 6.2.7.Final
2023-10-11 10:16:11 [main] INFO  : HHH000406: Using bytecode reflection optimizer
2023-10-11 10:16:11 [main] INFO  : HHH000021: Bytecode provider name : bytebuddy
2023-10-11 10:16:11 [main] INFO  : No LoadTimeWeaver setup: ignoring JPA class transformer
2023-10-11 10:16:11 [main] INFO  : HHH000021: Bytecode provider name : bytebuddy
2023-10-11 10:16:12 [main] INFO  : HHH000490: Using JtaPlatform implementation: [org.hibernate.engine.transaction.jta.platform.internal.NoJtaPlatform]
2023-10-11 10:16:12 [main] INFO  : Initialized JPA EntityManagerFactory for persistence unit 'default'
2023-10-11 10:16:13 [main] INFO  : Added certificate cert2 to C:\Files\directory2
2023-10-11 10:16:13 [main] INFO  : Added certificate oces3 to C:\Files\directory3
2023-10-11 10:16:13 [main] WARN  : spring.jpa.open-in-view is enabled by default. Therefore, database queries may be performed during view rendering. Explicitly configure spring.jpa.open-in-view to disable this warning
2023-10-11 10:16:14 [main] INFO  : Starting ProtocolHandler ["http-nio-8080"]
2023-10-11 10:16:14 [main] INFO  : Tomcat started on port(s): 8080 (http) with context path ''
2023-10-11 10:16:14 [main] INFO  : Started Application in 6.691 seconds (process running for 7.548)
2023-10-11 10:16:14 [scheduling-1] INFO  : No new files in for C:\Files\directory2.
2023-10-11 10:16:14 [scheduling-1] INFO  : No new files in for C:\Files\directory3.
2023-10-11 10:16:24 [scheduling-1] INFO  : No new files in for C:\Files\directory2.
2023-10-11 10:16:24 [scheduling-1] INFO  : No new files in for C:\Files\directory3.
2023-10-11 10:16:34 [scheduling-2] INFO  : No new files in for C:\Files\directory2.
2023-10-11 10:16:34 [scheduling-2] INFO  : No new files in for C:\Files\directory3.
2023-10-11 10:16:44 [scheduling-1] INFO  : No new files in for C:\Files\directory2.
2023-10-11 10:16:44 [scheduling-1] INFO  : No new files in for C:\Files\directory3.
2023-10-11 10:16:54 [scheduling-3] INFO  : No new files in for C:\Files\directory2.
2023-10-11 10:16:54 [scheduling-3] INFO  : No new files in for C:\Files\directory3.
2023-10-11 10:17:04 [scheduling-3] INFO  : No new files in for C:\Files\directory2.
2023-10-11 10:17:04 [scheduling-3] INFO  : No new files in for C:\Files\directory3.
2023-10-11 10:17:14 [scheduling-3] INFO  : No new files in for C:\Files\directory2.
2023-10-11 10:17:14 [scheduling-3] INFO  : No new files in for C:\Files\directory3.
2023-10-11 10:17:18 [SpringApplicationShutdownHook] INFO  : Closing JPA EntityManagerFactory for persistence unit 'default'
2023-10-11 10:17:18 [SpringApplicationShutdownHook] INFO  : HikariPool-1 - Shutdown initiated...
2023-10-11 10:17:18 [SpringApplicationShutdownHook] INFO  : HikariPool-1 - Shutdown completed.
